<?xml version="1.0" encoding="UTF-8"?>
<testsuite name="org.individual.live.livestreaming.LiveStreamingApplicationTests" tests="1" skipped="0" failures="0" errors="0" timestamp="2025-06-01T09:22:59.190Z" hostname="beomsuui-MacBookPro.local" time="0.314">
  <properties/>
  <testcase name="contextLoads()" classname="org.individual.live.livestreaming.LiveStreamingApplicationTests" time="0.314"/>
  <system-out><![CDATA[18:22:58.513 [Test worker] INFO org.springframework.test.context.support.AnnotationConfigContextLoaderUtils -- Could not detect default configuration classes for test class [org.individual.live.livestreaming.LiveStreamingApplicationTests]: LiveStreamingApplicationTests does not declare any static, non-private, non-final, nested classes annotated with @Configuration.
18:22:58.551 [Test worker] INFO org.springframework.boot.test.context.SpringBootTestContextBootstrapper -- Found @SpringBootConfiguration org.individual.live.livestreaming.LiveStreamingApplication for test class org.individual.live.livestreaming.LiveStreamingApplicationTests

  .   ____          _            __ _ _
 /\\ / ___'_ __ _ _(_)_ __  __ _ \ \ \ \
( ( )\___ | '_ | '_| | '_ \/ _` | \ \ \ \
 \\/  ___)| |_)| | | | | || (_| |  ) ) ) )
  '  |____| .__|_| |_|_| |_\__, | / / / /
 =========|_|==============|___/=/_/_/_/

 :: Spring Boot ::                (v3.5.0)

2025-06-01T18:22:58.704+09:00  INFO 91157 --- [LiveStreaming] [    Test worker] o.i.l.l.LiveStreamingApplicationTests    : Starting LiveStreamingApplicationTests using Java 17.0.7 with PID 91157 (started by beomsu in /Users/beomsu/Desktop/LiveStreaming/apps/backend-api)
2025-06-01T18:22:58.704+09:00  INFO 91157 --- [LiveStreaming] [    Test worker] o.i.l.l.LiveStreamingApplicationTests    : No active profile set, falling back to 1 default profile: "default"
2025-06-01T18:22:59.110+09:00  WARN 91157 --- [LiveStreaming] [    Test worker] .s.s.UserDetailsServiceAutoConfiguration : 

Using generated security password: b8c6f805-580b-453e-b25e-5f63b9a532b2

This generated password is for development use only. Your security configuration must be updated before running your application in production.

2025-06-01T18:22:59.113+09:00  INFO 91157 --- [LiveStreaming] [    Test worker] r$InitializeUserDetailsManagerConfigurer : Global AuthenticationManager configured with UserDetailsService bean with name inMemoryUserDetailsManager
2025-06-01T18:22:59.166+09:00  INFO 91157 --- [LiveStreaming] [    Test worker] .w.s.a.s.AnnotationActionEndpointMapping : Supporting [WS-Addressing August 2004, WS-Addressing 1.0]
2025-06-01T18:22:59.185+09:00  INFO 91157 --- [LiveStreaming] [    Test worker] o.i.l.l.LiveStreamingApplicationTests    : Started LiveStreamingApplicationTests in 0.58 seconds (process running for 0.977)
]]></system-out>
  <system-err><![CDATA[]]></system-err>
</testsuite>
